#
# There is insufficient memory for the Java Runtime Environment to continue.
# Native memory allocation (malloc) failed to allocate 144016 bytes for Chunk::new
# Possible reasons:
#   The system is out of physical RAM or swap space
#   In 32 bit mode, the process size limit was hit
# Possible solutions:
#   Reduce memory load on the system
#   Increase physical memory or swap space
#   Check if swap backing store is full
#   Use 64 bit Java on a 64 bit OS
#   Decrease Java heap size (-Xmx/-Xms)
#   Decrease number of Java threads
#   Decrease Java thread stack sizes (-Xss)
#   Set larger code cache with -XX:ReservedCodeCacheSize=
# This output file may be truncated or incomplete.
#
#  Out of Memory Error (allocation.cpp:390), pid=60768, tid=59184
#
# JRE version: Java(TM) SE Runtime Environment (8.0_25-b18) (build 1.8.0_25-b18)
# Java VM: Java HotSpot(TM) 64-Bit Server VM (25.25-b02 mixed mode windows-amd64 compressed oops)
# Failed to write core dump. Minidumps are not enabled by default on client versions of Windows
#

---------------  T H R E A D  ---------------

Current thread (0x000000001bab4000):  JavaThread "C2 CompilerThread1" daemon [_thread_in_native, id=59184, stack(0x000000001d110000,0x000000001d210000)]

Stack: [0x000000001d110000,0x000000001d210000]
Native frames: (J=compiled Java code, j=interpreted, Vv=VM code, C=native code)
V  [jvm.dll+0x31667a]


Current CompileTask:
C2:    672  828   !   4       java.awt.Component::firePropertyChange (59 bytes)


---------------  P R O C E S S  ---------------

Java Threads: ( => current thread )
  0x000000001d70c800 JavaThread "AWT-EventQueue-0" [_thread_blocked, id=60480, stack(0x000000001f1a0000,0x000000001f2a0000)]
  0x000000001d6fc800 JavaThread "Image Fetcher 0" daemon [_thread_blocked, id=59920, stack(0x000000001e8a0000,0x000000001e9a0000)]
  0x000000001d695800 JavaThread "AWT-Windows" daemon [_thread_in_native, id=61612, stack(0x000000001e070000,0x000000001e170000)]
  0x000000001d694800 JavaThread "AWT-Shutdown" [_thread_blocked, id=61472, stack(0x000000001df70000,0x000000001e070000)]
  0x000000001d690800 JavaThread "Java2D Disposer" daemon [_thread_blocked, id=59660, stack(0x000000001de70000,0x000000001df70000)]
  0x000000001d328800 JavaThread "Service Thread" daemon [_thread_blocked, id=58896, stack(0x000000001d710000,0x000000001d810000)]
  0x000000001bab7000 JavaThread "C1 CompilerThread2" daemon [_thread_blocked, id=59720, stack(0x000000001d210000,0x000000001d310000)]
=>0x000000001bab4000 JavaThread "C2 CompilerThread1" daemon [_thread_in_native, id=59184, stack(0x000000001d110000,0x000000001d210000)]
  0x000000001baaa000 JavaThread "C2 CompilerThread0" daemon [_thread_blocked, id=59212, stack(0x000000001d010000,0x000000001d110000)]
  0x000000001baa8000 JavaThread "Attach Listener" daemon [_thread_blocked, id=58396, stack(0x000000001cf10000,0x000000001d010000)]
  0x000000001baa7800 JavaThread "Signal Dispatcher" daemon [_thread_blocked, id=61896, stack(0x000000001ce10000,0x000000001cf10000)]
  0x00000000024d2000 JavaThread "Finalizer" daemon [_thread_blocked, id=1064, stack(0x000000001cd10000,0x000000001ce10000)]
  0x00000000024cb000 JavaThread "Reference Handler" daemon [_thread_blocked, id=56944, stack(0x000000001cc10000,0x000000001cd10000)]
  0x00000000023e0800 JavaThread "main" [_thread_in_vm, id=47004, stack(0x00000000022e0000,0x00000000023e0000)]

Other Threads:
  0x000000001ba76000 VMThread [stack: 0x000000001cb10000,0x000000001cc10000] [id=62276]
  0x000000001bb0d000 WatcherThread [stack: 0x000000001d810000,0x000000001d910000] [id=62320]

VM state:not at safepoint (normal execution)

VM Mutex/Monitor currently owned by a thread: None

Heap:
 PSYoungGen      total 76288K, used 15733K [0x000000076b400000, 0x0000000770900000, 0x00000007c0000000)
  eden space 65536K, 24% used [0x000000076b400000,0x000000076c35d538,0x000000076f400000)
  from space 10752K, 0% used [0x000000076fe80000,0x000000076fe80000,0x0000000770900000)
  to   space 10752K, 0% used [0x000000076f400000,0x000000076f400000,0x000000076fe80000)
 ParOldGen       total 175104K, used 0K [0x00000006c1c00000, 0x00000006cc700000, 0x000000076b400000)
  object space 175104K, 0% used [0x00000006c1c00000,0x00000006c1c00000,0x00000006cc700000)
 Metaspace       used 11170K, capacity 11344K, committed 11648K, reserved 1060864K
  class space    used 1523K, capacity 1568K, committed 1664K, reserved 1048576K

Card table byte_map: [0x00000000118a0000,0x00000000120a0000] byte_map_base: 0x000000000e292000

Marking Bits: (ParMarkBitMap*) 0x0000000057d4d490
 Begin Bits: [0x00000000129f0000, 0x0000000016980000)
 End Bits:   [0x0000000016980000, 0x000000001a910000)

Polling page: 0x00000000021e0000

CodeCache: size=245760Kb used=3115Kb max_used=3122Kb free=242644Kb
 bounds [0x00000000024e0000, 0x00000000027f0000, 0x00000000114e0000]
 total_blobs=1291 nmethods=853 adapters=350
 compilation: disabled (not enough contiguous free space left)

Compilation events (10 events):
Event: 0.622 Thread 0x000000001bab7000 nmethod 852 0x00000000027e2490 code [0x00000000027e2600, 0x00000000027e2828]
Event: 0.622 Thread 0x000000001bab7000  845       3       sun.awt.EventQueueDelegate::getDelegate (13 bytes)
Event: 0.622 Thread 0x000000001bab7000 nmethod 845 0x00000000027e8f90 code [0x00000000027e9120, 0x00000000027e9478]
Event: 0.626 Thread 0x000000001baaa000 nmethod 839 0x00000000027ec990 code [0x00000000027ecb80, 0x00000000027ed398]
Event: 0.626 Thread 0x000000001bab7000  853       3       java.util.SimpleTimeZone::<init> (134 bytes)
Event: 0.627 Thread 0x000000001bab7000 nmethod 853 0x00000000027eb410 code [0x00000000027eb640, 0x00000000027ec248]
Event: 0.627 Thread 0x000000001bab7000  854       3       java.util.SimpleTimeZone::decodeRules (9 bytes)
Event: 0.628 Thread 0x000000001bab7000 nmethod 854 0x00000000027eb010 code [0x00000000027eb180, 0x00000000027eb358]
Event: 0.628 Thread 0x000000001bab7000  855       3       java.util.SimpleTimeZone::decodeStartRule (338 bytes)
Event: 0.630 Thread 0x000000001bab7000 


GC Heap History (0 events):
No events

Deoptimization events (0 events):
No events

Internal exceptions (10 events):
Event: 0.483 Thread 0x00000000023e0800 Exception <a 'java/security/PrivilegedActionException'> (0x000000076bdc5588) thrown at [D:\re\workspace\8-2-build-windows-amd64-cygwin\jdk8u25\1677\hotspot\src\share\vm\prims\jvm.cpp, line 1312]
Event: 0.484 Thread 0x00000000023e0800 Exception <a 'java/security/PrivilegedActionException'> (0x000000076bdc8928) thrown at [D:\re\workspace\8-2-build-windows-amd64-cygwin\jdk8u25\1677\hotspot\src\share\vm\prims\jvm.cpp, line 1312]
Event: 0.486 Thread 0x00000000023e0800 Exception <a 'java/security/PrivilegedActionException'> (0x000000076bdd3b70) thrown at [D:\re\workspace\8-2-build-windows-amd64-cygwin\jdk8u25\1677\hotspot\src\share\vm\prims\jvm.cpp, line 1312]
Event: 0.520 Thread 0x00000000023e0800 Exception <a 'java/security/PrivilegedActionException'> (0x000000076be7da50) thrown at [D:\re\workspace\8-2-build-windows-amd64-cygwin\jdk8u25\1677\hotspot\src\share\vm\prims\jvm.cpp, line 1312]
Event: 0.523 Thread 0x00000000023e0800 Exception <a 'java/security/PrivilegedActionException'> (0x000000076be7fe78) thrown at [D:\re\workspace\8-2-build-windows-amd64-cygwin\jdk8u25\1677\hotspot\src\share\vm\prims\jvm.cpp, line 1312]
Event: 0.535 Thread 0x00000000023e0800 Exception <a 'java/security/PrivilegedActionException'> (0x000000076bed09a0) thrown at [D:\re\workspace\8-2-build-windows-amd64-cygwin\jdk8u25\1677\hotspot\src\share\vm\prims\jvm.cpp, line 1312]
Event: 0.578 Thread 0x00000000023e0800 Exception <a 'java/security/PrivilegedActionException'> (0x000000076c010aa0) thrown at [D:\re\workspace\8-2-build-windows-amd64-cygwin\jdk8u25\1677\hotspot\src\share\vm\prims\jvm.cpp, line 1312]
Event: 0.635 Thread 0x00000000023e0800 Exception <a 'java/security/PrivilegedActionException'> (0x000000076c15a438) thrown at [D:\re\workspace\8-2-build-windows-amd64-cygwin\jdk8u25\1677\hotspot\src\share\vm\prims\jvm.cpp, line 1312]
Event: 0.637 Thread 0x00000000023e0800 Exception <a 'java/security/PrivilegedActionException'> (0x000000076c163250) thrown at [D:\re\workspace\8-2-build-windows-amd64-cygwin\jdk8u25\1677\hotspot\src\share\vm\prims\jvm.cpp, line 1312]
Event: 0.640 Thread 0x00000000023e0800 Exception <a 'java/security/PrivilegedActionException'> (0x000000076c1652a0) thrown at [D:\re\workspace\8-2-build-windows-amd64-cygwin\jdk8u25\1677\hotspot\src\share\vm\prims\jvm.cpp, line 1312]

Events (10 events):
Event: 0.635 loading class MicroYes$1
Event: 0.635 loading class MicroYes$1 done
Event: 0.636 loading class javax/swing/LayoutStyle$ComponentPlacement
Event: 0.636 loading class javax/swing/LayoutStyle$ComponentPlacement done
Event: 0.636 loading class javax/swing/GroupLayout$BaselineGroup
Event: 0.636 loading class javax/swing/GroupLayout$BaselineGroup done
Event: 0.637 loading class GUI$6
Event: 0.637 loading class GUI$6 done
Event: 0.640 loading class GUI$7
Event: 0.640 loading class GUI$7 done


Dynamic libraries:
0x00007ff7b0fb0000 - 0x00007ff7b0fe4000 	C:\Program Files\Java\jre1.8.0_25\bin\javaw.exe
0x00007ff9cc820000 - 0x00007ff9cc9cc000 	C:\WINDOWS\SYSTEM32\ntdll.dll
0x00007ff9cb980000 - 0x00007ff9cbaba000 	C:\WINDOWS\system32\KERNEL32.DLL
0x00007ff9c9e10000 - 0x00007ff9c9f1f000 	C:\WINDOWS\system32\KERNELBASE.dll
0x00007ff9c8680000 - 0x00007ff9c8708000 	C:\WINDOWS\system32\apphelp.dll
0x00007ff9bda80000 - 0x00007ff9bdacf000 	C:\WINDOWS\AppPatch\AppPatch64\AcGenral.DLL
0x00007ff9cc310000 - 0x00007ff9cc3b7000 	C:\WINDOWS\system32\msvcrt.dll
0x00007ff9c9840000 - 0x00007ff9c986b000 	C:\WINDOWS\SYSTEM32\SspiCli.dll
0x00007ff9cc200000 - 0x00007ff9cc251000 	C:\WINDOWS\system32\SHLWAPI.dll
0x00007ff9cc6a0000 - 0x00007ff9cc811000 	C:\WINDOWS\system32\USER32.dll
0x00007ff9cc520000 - 0x00007ff9cc698000 	C:\WINDOWS\system32\ole32.dll
0x00007ff9ca2c0000 - 0x00007ff9cb7d8000 	C:\WINDOWS\system32\SHELL32.dll
0x00007ff9c9050000 - 0x00007ff9c906e000 	C:\WINDOWS\SYSTEM32\USERENV.dll
0x00007ff9cc470000 - 0x00007ff9cc515000 	C:\WINDOWS\system32\ADVAPI32.dll
0x00007ff9bd270000 - 0x00007ff9bd28b000 	C:\WINDOWS\SYSTEM32\MPR.dll
0x00007ff9cbb30000 - 0x00007ff9cbc67000 	C:\WINDOWS\system32\RPCRT4.dll
0x00007ff9cbad0000 - 0x00007ff9cbb29000 	C:\WINDOWS\SYSTEM32\sechost.dll
0x00007ff9cbe30000 - 0x00007ff9cc006000 	C:\WINDOWS\SYSTEM32\combase.dll
0x00007ff9c9f70000 - 0x00007ff9ca0b4000 	C:\WINDOWS\system32\GDI32.dll
0x00007ff9c9a60000 - 0x00007ff9c9a74000 	C:\WINDOWS\SYSTEM32\profapi.dll
0x00007ff9c8090000 - 0x00007ff9c8142000 	C:\WINDOWS\SYSTEM32\SHCORE.dll
0x00007ff9ca0c0000 - 0x00007ff9ca0f4000 	C:\WINDOWS\system32\IMM32.DLL
0x00007ff9ca100000 - 0x00007ff9ca252000 	C:\WINDOWS\system32\MSCTF.dll
0x00007ff9c7be0000 - 0x00007ff9c7e3a000 	C:\WINDOWS\WinSxS\amd64_microsoft.windows.common-controls_6595b64144ccf1df_6.0.9600.17031_none_6242a4b3ecbb55a1\COMCTL32.dll
0x0000000057380000 - 0x0000000057452000 	C:\Program Files\Java\jre1.8.0_25\bin\msvcr100.dll
0x0000000057570000 - 0x0000000057dca000 	C:\Program Files\Java\jre1.8.0_25\bin\server\jvm.dll
0x00007ff9c2cb0000 - 0x00007ff9c2cb9000 	C:\WINDOWS\SYSTEM32\WSOCK32.dll
0x00007ff9c5b00000 - 0x00007ff9c5b1f000 	C:\WINDOWS\SYSTEM32\WINMM.dll
0x00007ff9cbac0000 - 0x00007ff9cbac7000 	C:\WINDOWS\system32\PSAPI.DLL
0x00007ff9cb7e0000 - 0x00007ff9cb838000 	C:\WINDOWS\system32\WS2_32.dll
0x00007ff9c5ac0000 - 0x00007ff9c5aea000 	C:\WINDOWS\SYSTEM32\WINMMBASE.dll
0x00007ff9cc260000 - 0x00007ff9cc269000 	C:\WINDOWS\system32\NSI.dll
0x00007ff9c9be0000 - 0x00007ff9c9c2a000 	C:\WINDOWS\SYSTEM32\cfgmgr32.dll
0x00007ff9c88b0000 - 0x00007ff9c88d6000 	C:\WINDOWS\SYSTEM32\DEVOBJ.dll
0x00000000593b0000 - 0x00000000593bf000 	C:\Program Files\Java\jre1.8.0_25\bin\verify.dll
0x0000000057540000 - 0x0000000057568000 	C:\Program Files\Java\jre1.8.0_25\bin\java.dll
0x0000000059390000 - 0x00000000593a6000 	C:\Program Files\Java\jre1.8.0_25\bin\zip.dll
0x00000000571e0000 - 0x0000000057378000 	C:\Program Files\Java\jre1.8.0_25\bin\awt.dll
0x00007ff9cb840000 - 0x00007ff9cb901000 	C:\WINDOWS\system32\OLEAUT32.dll
0x00007ff9c7ec0000 - 0x00007ff9c7ee0000 	C:\WINDOWS\system32\DWMAPI.DLL
0x00007ff9c8780000 - 0x00007ff9c88a1000 	C:\WINDOWS\system32\uxtheme.dll
0x00007ff9c89f0000 - 0x00007ff9c89fa000 	C:\WINDOWS\SYSTEM32\kernel.appcore.dll
0x00007ff9c9930000 - 0x00007ff9c993a000 	C:\WINDOWS\SYSTEM32\CRYPTBASE.dll
0x00007ff9c98d0000 - 0x00007ff9c9930000 	C:\WINDOWS\SYSTEM32\bcryptPrimitives.dll
0x00007ff9be680000 - 0x00007ff9be888000 	C:\WINDOWS\system32\d3d9.dll
0x00007ff9c5b20000 - 0x00007ff9c5b2a000 	C:\WINDOWS\SYSTEM32\VERSION.dll
0x00007ff99b990000 - 0x00007ff99c9fd000 	C:\WINDOWS\SYSTEM32\nvd3dumx.dll
0x0000000180000000 - 0x0000000180188000 	C:\WINDOWS\system32\nvspcap64.dll
0x00007ff9cc010000 - 0x00007ff9cc1e4000 	C:\WINDOWS\system32\SETUPAPI.dll
0x0000000057190000 - 0x00000000571d7000 	C:\Program Files\Java\jre1.8.0_25\bin\fontmanager.dll
0x0000000057520000 - 0x000000005753a000 	C:\Program Files\Java\jre1.8.0_25\bin\net.dll
0x00007ff9c92a0000 - 0x00007ff9c92f8000 	C:\WINDOWS\system32\mswsock.dll
0x0000000057500000 - 0x0000000057511000 	C:\Program Files\Java\jre1.8.0_25\bin\nio.dll
0x0000000057140000 - 0x0000000057181000 	C:\Program Files\Java\jre1.8.0_25\bin\t2k.dll
0x00007ff9c4510000 - 0x00007ff9c4698000 	C:\WINDOWS\SYSTEM32\dbghelp.dll

VM Arguments:
jvm_args: -Dfile.encoding=Cp1252 
java_command: RunThis
java_class_path (initial): C:\Users\Timothy\fbla\Furry Friends\bin;C:\eclipse\tween-engine-api.jar;C:\eclipse\tween-engine-api-sources.jar;C:\Users\Timothy\Documents\Downloads\sliding-layout.jar;C:\Users\Timothy\Documents\Downloads\sliding-layout-sources.jar
Launcher Type: SUN_STANDARD

Environment Variables:
PATH=C:/Program Files/Java/jre1.8.0_25/bin/server;C:/Program Files/Java/jre1.8.0_25/bin;C:/Program Files/Java/jre1.8.0_25/lib/amd64;C:\ProgramData\Oracle\Java\javapath;C:\Program Files (x86)\NVIDIA Corporation\PhysX\Common;C:\WINDOWS\system32;C:\WINDOWS;C:\WINDOWS\System32\Wbem;C:\WINDOWS\System32\WindowsPowerShell\v1.0\;C:\eclipse;
USERNAME=Timothy
OS=Windows_NT
PROCESSOR_IDENTIFIER=Intel64 Family 6 Model 58 Stepping 9, GenuineIntel



---------------  S Y S T E M  ---------------

OS: Windows 8.1 , 64 bit Build 9600 

CPU:total 4 (4 cores per cpu, 1 threads per core) family 6 model 58 stepping 9, cmov, cx8, fxsr, mmx, sse, sse2, sse3, ssse3, sse4.1, sse4.2, popcnt, avx, aes, clmul, erms, tsc, tscinvbit, tscinv

Memory: 4k page, physical 16657480k(8006140k free), swap 19803208k(4608k free)

vm_info: Java HotSpot(TM) 64-Bit Server VM (25.25-b02) for windows-amd64 JRE (1.8.0_25-b18), built on Oct  7 2014 14:25:37 by "java_re" with MS VC++ 10.0 (VS2010)

time: Sun Apr 19 15:39:43 2015
elapsed time: 0 seconds (0d 0h 0m 0s)

